<?xml version="1.0" encoding="UTF-8"?>
<testng-results ignored="0" total="1" passed="1" failed="0" skipped="0">
  <reporter-output>
    <line>
      <![CDATA[Browser is launched Successfully]]>
    </line>
    <line>
      <![CDATA[Browser is maximized Successfully]]>
    </line>
    <line>
      <![CDATA[Login page displayed successfully]]>
    </line>
    <line>
      <![CDATA[Home page displayed successfully]]>
    </line>
    <line>
      <![CDATA[Purchase Page Title displayed successfully]]>
    </line>
    <line>
      <![CDATA[Login page displayed successfully]]>
    </line>
    <line>
      <![CDATA[Application logged out successfully]]>
    </line>
  </reporter-output>
  <suite started-at="2022-02-07T10:31:28 IST" name="Default suite" finished-at="2022-02-07T10:31:58 IST" duration-ms="30024">
    <groups>
    </groups>
    <test started-at="2022-02-07T10:31:28 IST" name="Default test" finished-at="2022-02-07T10:31:58 IST" duration-ms="30024">
      <class name="vTiger_TestCase.TC_05Test">
        <test-method is-config="true" signature="beforeClass(java.lang.String)[pri:0, instance:vTiger_TestCase.TC_05Test@69e1dd28]" started-at="2022-02-07T10:31:28 IST" name="beforeClass" finished-at="2022-02-07T10:31:33 IST" duration-ms="5296" status="PASS">
          <params>
            <param index="0">
              <value>
                <![CDATA[chrome]]>
              </value>
            </param>
          </params>
          <reporter-output>
            <line>
              <![CDATA[Browser is launched Successfully]]>
            </line>
            <line>
              <![CDATA[Browser is maximized Successfully]]>
            </line>
          </reporter-output>
        </test-method> <!-- beforeClass -->
        <test-method is-config="true" signature="beforeMethod()[pri:0, instance:vTiger_TestCase.TC_05Test@69e1dd28]" started-at="2022-02-07T10:31:33 IST" name="beforeMethod" finished-at="2022-02-07T10:31:38 IST" duration-ms="4212" status="PASS">
          <reporter-output>
            <line>
              <![CDATA[Login page displayed successfully]]>
            </line>
            <line>
              <![CDATA[Home page displayed successfully]]>
            </line>
          </reporter-output>
        </test-method> <!-- beforeMethod -->
        <test-method signature="CreatePurchaseOrderWithItemAndAddProduct()[pri:0, instance:vTiger_TestCase.TC_05Test@69e1dd28]" started-at="2022-02-07T10:31:38 IST" name="CreatePurchaseOrderWithItemAndAddProduct" finished-at="2022-02-07T10:31:56 IST" duration-ms="18053" status="PASS">
          <reporter-output>
            <line>
              <![CDATA[Purchase Page Title displayed successfully]]>
            </line>
          </reporter-output>
        </test-method> <!-- CreatePurchaseOrderWithItemAndAddProduct -->
        <test-method is-config="true" signature="afterMethod()[pri:0, instance:vTiger_TestCase.TC_05Test@69e1dd28]" started-at="2022-02-07T10:31:56 IST" name="afterMethod" finished-at="2022-02-07T10:31:58 IST" duration-ms="2084" status="PASS">
          <reporter-output>
            <line>
              <![CDATA[Login page displayed successfully]]>
            </line>
          </reporter-output>
        </test-method> <!-- afterMethod -->
        <test-method is-config="true" signature="afterClass()[pri:0, instance:vTiger_TestCase.TC_05Test@69e1dd28]" started-at="2022-02-07T10:31:58 IST" name="afterClass" finished-at="2022-02-07T10:31:58 IST" duration-ms="337" status="PASS">
          <reporter-output>
            <line>
              <![CDATA[Application logged out successfully]]>
            </line>
          </reporter-output>
        </test-method> <!-- afterClass -->
      </class> <!-- vTiger_TestCase.TC_05Test -->
    </test> <!-- Default test -->
  </suite> <!-- Default suite -->
</testng-results>
